{"name": "Проверка вопросов и ответов", "status": "failed", "statusDetails": {"message": "AssertionError", "trace": "self = <main_page_tests.TestMainPage object at 0x000002BAFDE97A90>, driver = <selenium.webdriver.firefox.webdriver.WebDriver (session=\"58a1bf1d-b112-447e-8549-ea4944feffa3\")>, index = 7\n\n    @allure.title('Проверка вопросов и ответов')\n    @pytest.mark.parametrize(\"index\", range(len(list_of_answers)))\n    def test_questions(self, driver, index):\n        main_page = MainPage(driver)\n        main_page.scroll_to_quests()\n        main_page.click_on_cookies()\n>       main_page.check_question(index)\n\nTests\\main_page_tests.py:14: \n_ _ _ _ _ _ _ _ _ _ _ _ _ _ _ _ _ _ _ _ _ _ _ _ _ _ _ _ _ _ _ _ _ _ _ _ _ _ _ _ _ _ _ _ _ _ _ _ _ _ _ _ _ _ _ _ _ _ _ _ _ _ _ _ _ _ _ _ _ _ _ _ _ _ _ _ _ _ _ _ _ _ _ _ _ _ _ _ _ _ _ _ _ _\n\nself = <Methods.main_page_methods.MainPage object at 0x000002BAFDF85A50>, index = 7\n\n    @allure.step('Проверка соответствия вопросов с ответами')\n    def check_question(self, index):\n        question_id = f'accordion__heading-{index}'\n        answer_id = f'accordion__panel-{index}'\n    \n        self.driver.find_element(By.ID, question_id).click()\n        expected_text = list_of_answers[index]\n        actual_text = self.driver.find_element(By.ID, answer_id).text\n>       assert actual_text == expected_text\nE       AssertionError\n\nMethods\\main_page_methods.py:22: AssertionError"}, "steps": [{"name": "Клик по кукам", "status": "passed", "start": 1690872751570, "stop": 1690872751829}, {"name": "Проверка соответствия вопросов с ответами", "status": "failed", "statusDetails": {"message": "AssertionError\n", "trace": "  File \"C:\\Users\\Aleksandr\\AppData\\Local\\Programs\\Python\\Python311\\Lib\\site-packages\\allure_commons\\_allure.py\", line 192, in impl\n    return func(*a, **kw)\n           ^^^^^^^^^^^^^^\n  File \"C:\\Users\\Aleksandr\\PycharmProjects\\Sprint_4\\Methods\\main_page_methods.py\", line 22, in check_question\n    assert actual_text == expected_text\n           ^^^^^^^^^^^^^^^^^^^^^^^^^^^^\n"}, "parameters": [{"name": "index", "value": "7"}], "start": 1690872751829, "stop": 1690872752084}], "parameters": [{"name": "index", "value": "7"}], "start": 1690872751547, "stop": 1690872752098, "uuid": "8027f2c2-7aef-4d25-8c3b-39f23315e791", "historyId": "a602f24bcfd360c0af72dd50262ac8fc", "testCaseId": "ab43e5ea227052dce91ca131a8a9adb8", "fullName": "Tests.main_page_tests.TestMainPage#test_questions", "labels": [{"name": "parentSuite", "value": "Tests"}, {"name": "suite", "value": "main_page_tests"}, {"name": "subSuite", "value": "TestMainPage"}, {"name": "host", "value": "DESKTOP-PQMJDB6"}, {"name": "thread", "value": "90716-MainThread"}, {"name": "framework", "value": "pytest"}, {"name": "language", "value": "cpython3"}, {"name": "package", "value": "Tests.main_page_tests"}]}